<?xml version="1.0" encoding="UTF-8"?>
<testng-results skipped="0" failed="0" ignored="0" total="1" passed="1">
  <reporter-output>
  </reporter-output>
  <suite name="Surefire suite" duration-ms="16328" started-at="2021-03-04T12:33:19Z" finished-at="2021-03-04T12:33:35Z">
    <groups>
    </groups>
    <test name="Surefire test" duration-ms="16328" started-at="2021-03-04T12:33:19Z" finished-at="2021-03-04T12:33:35Z">
      <class name="tests.google">
        <test-method status="PASS" signature="setup()[pri:0, instance:tests.google@174d20a]" name="setup" is-config="true" duration-ms="4126" started-at="2021-03-04T12:33:19Z" finished-at="2021-03-04T12:33:23Z">
          <reporter-output>
          </reporter-output>
        </test-method> <!-- setup -->
        <test-method status="PASS" signature="launchgoogle()[pri:0, instance:tests.google@174d20a]" name="launchgoogle" duration-ms="12155" started-at="2021-03-04T12:33:23Z" finished-at="2021-03-04T12:33:35Z">
          <reporter-output>
          </reporter-output>
        </test-method> <!-- launchgoogle -->
        <test-method status="PASS" signature="aftertest()[pri:0, instance:tests.google@174d20a]" name="aftertest" is-config="true" duration-ms="1" started-at="2021-03-04T12:33:35Z" finished-at="2021-03-04T12:33:35Z">
          <reporter-output>
          </reporter-output>
        </test-method> <!-- aftertest -->
      </class> <!-- tests.google -->
    </test> <!-- Surefire test -->
  </suite> <!-- Surefire suite -->
</testng-results>
