<?xml version="1.0" encoding="UTF-8"?>
<testng-results skipped="0" failed="0" ignored="0" total="1" passed="1">
  <reporter-output>
  </reporter-output>
  <suite name="Default suite" duration-ms="16955" started-at="2021-03-03T10:10:01Z" finished-at="2021-03-03T10:10:17Z">
    <groups>
    </groups>
    <test name="Default test" duration-ms="16955" started-at="2021-03-03T10:10:01Z" finished-at="2021-03-03T10:10:17Z">
      <class name="tests.google">
        <test-method status="PASS" signature="setup()[pri:0, instance:tests.google@45dd4eda]" name="setup" is-config="true" duration-ms="4659" started-at="2021-03-03T10:10:01Z" finished-at="2021-03-03T10:10:05Z">
          <reporter-output>
          </reporter-output>
        </test-method> <!-- setup -->
        <test-method status="PASS" signature="launchgoogle()[pri:0, instance:tests.google@45dd4eda]" name="launchgoogle" duration-ms="11909" started-at="2021-03-03T10:10:06Z" finished-at="2021-03-03T10:10:17Z">
          <reporter-output>
          </reporter-output>
        </test-method> <!-- launchgoogle -->
        <test-method status="PASS" signature="aftertest()[pri:0, instance:tests.google@45dd4eda]" name="aftertest" is-config="true" duration-ms="0" started-at="2021-03-03T10:10:17Z" finished-at="2021-03-03T10:10:17Z">
          <reporter-output>
          </reporter-output>
        </test-method> <!-- aftertest -->
      </class> <!-- tests.google -->
    </test> <!-- Default test -->
  </suite> <!-- Default suite -->
</testng-results>
